  GameScene.cpp
E:\ADMIN\Desktop\Projects\SFML-Applications\GoingMama\GoingMama\GameScene.cpp(153,71): warning C4244: 'argument': conversion from 'T' to 'T', possible loss of data
          with
          [
              T=unsigned int
          ]
          and
          [
              T=float
          ]
E:\ADMIN\Desktop\Projects\SFML-Applications\GoingMama\GoingMama\GameScene.cpp(161,74): warning C4244: 'argument': conversion from 'T' to 'T', possible loss of data
          with
          [
              T=unsigned int
          ]
          and
          [
              T=float
          ]
  MainMenuScene.cpp
  Generating Code...
  GoingMama.vcxproj -> E:\ADMIN\Desktop\Projects\SFML-Applications\GoingMama\Debug\GoingMama.exe
