  Flash.cpp
E:\ADMIN\Desktop\Projects\SFML-Applications\GoingMama\GoingMama\Flash.cpp(7,94): warning C4244: 'argument': conversion from 'T' to 'T', possible loss of data
          with
          [
              T=unsigned int
          ]
          and
          [
              T=float
          ]
E:\ADMIN\Desktop\Projects\SFML-Applications\GoingMama\GoingMama\Flash.cpp(7,67): warning C4244: 'argument': conversion from 'T' to 'T', possible loss of data
          with
          [
              T=unsigned int
          ]
          and
          [
              T=float
          ]
E:\ADMIN\Desktop\Projects\SFML-Applications\GoingMama\GoingMama\Flash.cpp(17,14): warning C4244: 'initializing': conversion from 'float' to 'int', possible loss of data
E:\ADMIN\Desktop\Projects\SFML-Applications\GoingMama\GoingMama\Flash.cpp(21,13): warning C4244: '=': conversion from 'float' to 'int', possible loss of data
E:\ADMIN\Desktop\Projects\SFML-Applications\GoingMama\GoingMama\Flash.cpp(29,14): warning C4244: 'initializing': conversion from 'float' to 'int', possible loss of data
E:\ADMIN\Desktop\Projects\SFML-Applications\GoingMama\GoingMama\Flash.cpp(33,13): warning C4244: '=': conversion from 'float' to 'int', possible loss of data
  GameOverScene.cpp
E:\ADMIN\Desktop\Projects\SFML-Applications\GoingMama\GoingMama\GameOverScene.cpp(35,185): warning C4244: 'argument': conversion from 'double' to 'float', possible loss of data
  GameScene.cpp
E:\ADMIN\Desktop\Projects\SFML-Applications\GoingMama\GoingMama\GameScene.cpp(203,71): warning C4244: 'argument': conversion from 'T' to 'T', possible loss of data
          with
          [
              T=unsigned int
          ]
          and
          [
              T=float
          ]
E:\ADMIN\Desktop\Projects\SFML-Applications\GoingMama\GoingMama\GameScene.cpp(212,74): warning C4244: 'argument': conversion from 'T' to 'T', possible loss of data
          with
          [
              T=unsigned int
          ]
          and
          [
              T=float
          ]
  Land.cpp
E:\ADMIN\Desktop\Projects\SFML-Applications\GoingMama\GoingMama\Land.cpp(27,51): warning C4244: 'argument': conversion from 'T' to 'T', possible loss of data
          with
          [
              T=unsigned int
          ]
          and
          [
              T=float
          ]
  MainMenuScene.cpp
  Pillar.cpp
E:\ADMIN\Desktop\Projects\SFML-Applications\GoingMama\GoingMama\Pillar.cpp(22,51): warning C4244: 'argument': conversion from 'T' to 'float', possible loss of data
          with
          [
              T=unsigned int
          ]
E:\ADMIN\Desktop\Projects\SFML-Applications\GoingMama\GoingMama\Pillar.cpp(28,55): warning C4244: 'argument': conversion from 'int' to 'float', possible loss of data
E:\ADMIN\Desktop\Projects\SFML-Applications\GoingMama\GoingMama\Pillar.cpp(28,51): warning C4244: 'argument': conversion from 'T' to 'float', possible loss of data
          with
          [
              T=unsigned int
          ]
E:\ADMIN\Desktop\Projects\SFML-Applications\GoingMama\GoingMama\Pillar.cpp(34,51): warning C4244: 'argument': conversion from 'T' to 'float', possible loss of data
          with
          [
              T=unsigned int
          ]
  Player.cpp
  SkyBlock.cpp
E:\ADMIN\Desktop\Projects\SFML-Applications\GoingMama\GoingMama\SkyBlock.cpp(27,51): warning C4244: 'argument': conversion from 'T' to 'T', possible loss of data
          with
          [
              T=unsigned int
          ]
          and
          [
              T=float
          ]
  SplashScene.cpp
E:\ADMIN\Desktop\Projects\SFML-Applications\GoingMama\GoingMama\SplashScene.cpp(17,102): warning C4244: 'argument': conversion from 'double' to 'float', possible loss of data
E:\ADMIN\Desktop\Projects\SFML-Applications\GoingMama\GoingMama\SplashScene.cpp(17,59): warning C4244: 'argument': conversion from 'T' to 'float', possible loss of data
          with
          [
              T=unsigned int
          ]
E:\ADMIN\Desktop\Projects\SFML-Applications\GoingMama\GoingMama\SplashScene.cpp(23,60): warning C4244: 'argument': conversion from 'T' to 'float', possible loss of data
          with
          [
              T=unsigned int
          ]
  main.cpp
  Generating code
  29 of 537 functions ( 5.4%) were compiled, the rest were copied from previous compilation.
    2 functions were new in current compilation
    10 functions had inline decision re-evaluated but remain unchanged
  Finished generating code
  GoingMama.vcxproj -> E:\ADMIN\Desktop\Projects\SFML-Applications\GoingMama\Release\GoingMama.exe
